{
  "RSpec": {
    "coverage": {
      "/Users/palyrex/Desktop/projects/week_2/inject-rewrite/lib/inject_iterator.rb": [
        1,
        null,
        1,
        11,
        null,
        null,
        1,
        9,
        null,
        null,
        1,
        6,
        6,
        null,
        null,
        1,
        3,
        3,
        null,
        null,
        1,
        9,
        28,
        28,
        null,
        9,
        null,
        null,
        null,
        1,
        10,
        10,
        9,
        9,
        null,
        null,
        null,
        null
      ],
      "/Users/palyrex/Desktop/projects/week_2/inject-rewrite/lib/inject_recursion.rb": [
        1,
        null,
        1,
        77,
        null,
        null,
        1,
        37,
        37,
        null,
        null,
        1,
        27,
        27,
        null,
        null,
        null,
        1,
        27,
        null,
        null,
        1,
        29,
        null,
        null,
        1,
        37,
        null,
        null,
        1,
        8,
        7,
        null,
        null,
        null,
        1,
        36,
        null,
        null,
        null,
        1,
        9,
        1,
        0,
        null,
        null,
        null,
        1,
        37,
        37,
        36,
        27,
        27,
        null,
        null,
        null,
        null
      ]
    },
    "timestamp": 1423430505
  }
}
